Starting... {:status_port=>12321, :pid_file=>nil, :detach=>nil}
Starting... {:status_port=>12341, :pid_file=>nil, :detach=>nil}
Starting... {:status_port=>12399, :pid_file=>nil, :detach=>nil}
Starting... {:status_port=>12420, :pid_file=>nil, :detach=>nil}
Starting... {:status_port=>12430, :pid_file=>nil, :detach=>nil}
Starting... {:status_port=>12442, :pid_file=>nil, :detach=>nil}
Starting... {:status_port=>12452, :pid_file=>nil, :detach=>nil}
Starting... {:status_port=>12475, :pid_file=>nil, :detach=>nil}
Starting... {:status_port=>12493, :pid_file=>nil, :detach=>nil}
Loading interface `search'
Starting... {:status_port=>12507, :pid_file=>nil, :detach=>nil}
Loading interface `search'
Starting... {:status_port=>12518, :pid_file=>nil, :detach=>nil}
Loading interface `search'
Starting... {:status_port=>12536, :pid_file=>nil, :detach=>nil}
Loading interface `search'
Starting... {:status_port=>12547, :pid_file=>nil, :detach=>nil}
Loading interface `search'
Loading interface `search'
query for twitter_search q=love&path=search.json&host=search.twitter.com
Loading interface `search'
query for twitter_search q=love
putting on 5559802757: I love niobium colors http://flic.kr/p/7ept6w
putting on 5559802708: apple cinnamon oatmeal from trader joes = love. they should really put one in rochester before i move home.
putting on 5559802663: @erikamodina love that book! :) she said okay! :)) I HAVE A BLACK CARDIGAN ALREADY! :)
putting on 5559802299: @7Jaguar Hi, good morning, how are you? love you...
putting on 5559802278: i love you girl
putting on 5559802258: @justinbieber ahh Justin come to Dallas, Texas! Please and thankyouuu i love you&lt;3 wish me luck with my physco english teacher:P
putting on 5559802212: Damn i love my Culture Vulture.
putting on 5559802197: RT @iAlyssafaye: #musicmondays lloyd feat lil.  Wayne (YOU) I love it!(Throwbaq my shiit tho=] )
putting on 5559802137: @Jonas_BieberFan Ohhh... no I never hated Selena But I didnmt like her that much but Now I love her and so does all  of my friends! hehe!!
putting on 5559802115: @justinbieber  good moriningjustin cann u plzz  follws myy soon plzz i love u ♥
putting on 5559802030: @thelittleidiot --*you* my darling love. I Love *You* With All My Heart,Your Eternal Love Rachelle LaDelle' xxxxoooo @&gt;--&gt;-- I miss *you*.xo
putting on 5559801998: @Destuhneee haha that's why you love me :D
putting on 5559801857: THANK YOU to all my friends who made this weekend SPECIAL! Love you all SO MUCH!!!!
putting on 5559801736: I swear ppl love to tlkbwt me my ears just dnt stop burning!! Wow!!
putting on 5559801732: I love sending dinner guests home with a giant bucket of compost.
Putting response I love niobium colors http://flic.kr/p/7ept6w onto outgoing queue
Putting response apple cinnamon oatmeal from trader joes = love. they should really put one in rochester before i move home. onto outgoing queue
Putting response @erikamodina love that book! :) she said okay! :)) I HAVE A BLACK CARDIGAN ALREADY! :) onto outgoing queue
Putting response @7Jaguar Hi, good morning, how are you? love you... onto outgoing queue
Putting response i love you girl onto outgoing queue
Putting response @justinbieber ahh Justin come to Dallas, Texas! Please and thankyouuu i love you&lt;3 wish me luck with my physco english teacher:P onto outgoing queue
Putting response Damn i love my Culture Vulture. onto outgoing queue
Putting response RT @iAlyssafaye: #musicmondays lloyd feat lil.  Wayne (YOU) I love it!(Throwbaq my shiit tho=] ) onto outgoing queue
Putting response @Jonas_BieberFan Ohhh... no I never hated Selena But I didnmt like her that much but Now I love her and so does all  of my friends! hehe!! onto outgoing queue
Putting response @justinbieber  good moriningjustin cann u plzz  follws myy soon plzz i love u ♥ onto outgoing queue
Putting response @thelittleidiot --*you* my darling love. I Love *You* With All My Heart,Your Eternal Love Rachelle LaDelle' xxxxoooo @&gt;--&gt;-- I miss *you*.xo onto outgoing queue
Putting response @Destuhneee haha that's why you love me :D onto outgoing queue
Putting response THANK YOU to all my friends who made this weekend SPECIAL! Love you all SO MUCH!!!! onto outgoing queue
Putting response I swear ppl love to tlkbwt me my ears just dnt stop burning!! Wow!! onto outgoing queue
Putting response I love sending dinner guests home with a giant bucket of compost. onto outgoing queue
Loading interface `search'
query for twitter_search q=love
putting on 5559802757: I love niobium colors http://flic.kr/p/7ept6w
putting on 5559802708: apple cinnamon oatmeal from trader joes = love. they should really put one in rochester before i move home.
putting on 5559802663: @erikamodina love that book! :) she said okay! :)) I HAVE A BLACK CARDIGAN ALREADY! :)
putting on 5559802299: @7Jaguar Hi, good morning, how are you? love you...
putting on 5559802278: i love you girl
putting on 5559802258: @justinbieber ahh Justin come to Dallas, Texas! Please and thankyouuu i love you&lt;3 wish me luck with my physco english teacher:P
putting on 5559802212: Damn i love my Culture Vulture.
putting on 5559802197: RT @iAlyssafaye: #musicmondays lloyd feat lil.  Wayne (YOU) I love it!(Throwbaq my shiit tho=] )
putting on 5559802137: @Jonas_BieberFan Ohhh... no I never hated Selena But I didnmt like her that much but Now I love her and so does all  of my friends! hehe!!
putting on 5559802115: @justinbieber  good moriningjustin cann u plzz  follws myy soon plzz i love u ♥
putting on 5559802030: @thelittleidiot --*you* my darling love. I Love *You* With All My Heart,Your Eternal Love Rachelle LaDelle' xxxxoooo @&gt;--&gt;-- I miss *you*.xo
putting on 5559801998: @Destuhneee haha that's why you love me :D
putting on 5559801857: THANK YOU to all my friends who made this weekend SPECIAL! Love you all SO MUCH!!!!
putting on 5559801736: I swear ppl love to tlkbwt me my ears just dnt stop burning!! Wow!!
putting on 5559801732: I love sending dinner guests home with a giant bucket of compost.
Putting response I love niobium colors http://flic.kr/p/7ept6w onto outgoing queue
Putting response apple cinnamon oatmeal from trader joes = love. they should really put one in rochester before i move home. onto outgoing queue
Putting response @erikamodina love that book! :) she said okay! :)) I HAVE A BLACK CARDIGAN ALREADY! :) onto outgoing queue
Putting response @7Jaguar Hi, good morning, how are you? love you... onto outgoing queue
Putting response i love you girl onto outgoing queue
Putting response @justinbieber ahh Justin come to Dallas, Texas! Please and thankyouuu i love you&lt;3 wish me luck with my physco english teacher:P onto outgoing queue
Putting response Damn i love my Culture Vulture. onto outgoing queue
Putting response RT @iAlyssafaye: #musicmondays lloyd feat lil.  Wayne (YOU) I love it!(Throwbaq my shiit tho=] ) onto outgoing queue
Putting response @Jonas_BieberFan Ohhh... no I never hated Selena But I didnmt like her that much but Now I love her and so does all  of my friends! hehe!! onto outgoing queue
Putting response @justinbieber  good moriningjustin cann u plzz  follws myy soon plzz i love u ♥ onto outgoing queue
Putting response @thelittleidiot --*you* my darling love. I Love *You* With All My Heart,Your Eternal Love Rachelle LaDelle' xxxxoooo @&gt;--&gt;-- I miss *you*.xo onto outgoing queue
Putting response @Destuhneee haha that's why you love me :D onto outgoing queue
Putting response THANK YOU to all my friends who made this weekend SPECIAL! Love you all SO MUCH!!!! onto outgoing queue
Putting response I swear ppl love to tlkbwt me my ears just dnt stop burning!! Wow!! onto outgoing queue
Putting response I love sending dinner guests home with a giant bucket of compost. onto outgoing queue
Loading interface `search'
query for twitter_search q=love
putting on 5559802757: I love niobium colors http://flic.kr/p/7ept6w
putting on 5559802708: apple cinnamon oatmeal from trader joes = love. they should really put one in rochester before i move home.
putting on 5559802663: @erikamodina love that book! :) she said okay! :)) I HAVE A BLACK CARDIGAN ALREADY! :)
putting on 5559802299: @7Jaguar Hi, good morning, how are you? love you...
putting on 5559802278: i love you girl
putting on 5559802258: @justinbieber ahh Justin come to Dallas, Texas! Please and thankyouuu i love you&lt;3 wish me luck with my physco english teacher:P
putting on 5559802212: Damn i love my Culture Vulture.
putting on 5559802197: RT @iAlyssafaye: #musicmondays lloyd feat lil.  Wayne (YOU) I love it!(Throwbaq my shiit tho=] )
putting on 5559802137: @Jonas_BieberFan Ohhh... no I never hated Selena But I didnmt like her that much but Now I love her and so does all  of my friends! hehe!!
putting on 5559802115: @justinbieber  good moriningjustin cann u plzz  follws myy soon plzz i love u ♥
putting on 5559802030: @thelittleidiot --*you* my darling love. I Love *You* With All My Heart,Your Eternal Love Rachelle LaDelle' xxxxoooo @&gt;--&gt;-- I miss *you*.xo
putting on 5559801998: @Destuhneee haha that's why you love me :D
putting on 5559801857: THANK YOU to all my friends who made this weekend SPECIAL! Love you all SO MUCH!!!!
putting on 5559801736: I swear ppl love to tlkbwt me my ears just dnt stop burning!! Wow!!
putting on 5559801732: I love sending dinner guests home with a giant bucket of compost.
Putting response I love niobium colors http://flic.kr/p/7ept6w onto outgoing queue
Putting response apple cinnamon oatmeal from trader joes = love. they should really put one in rochester before i move home. onto outgoing queue
Putting response @erikamodina love that book! :) she said okay! :)) I HAVE A BLACK CARDIGAN ALREADY! :) onto outgoing queue
Putting response @7Jaguar Hi, good morning, how are you? love you... onto outgoing queue
Putting response i love you girl onto outgoing queue
Putting response @justinbieber ahh Justin come to Dallas, Texas! Please and thankyouuu i love you&lt;3 wish me luck with my physco english teacher:P onto outgoing queue
Putting response Damn i love my Culture Vulture. onto outgoing queue
Putting response RT @iAlyssafaye: #musicmondays lloyd feat lil.  Wayne (YOU) I love it!(Throwbaq my shiit tho=] ) onto outgoing queue
Putting response @Jonas_BieberFan Ohhh... no I never hated Selena But I didnmt like her that much but Now I love her and so does all  of my friends! hehe!! onto outgoing queue
Putting response @justinbieber  good moriningjustin cann u plzz  follws myy soon plzz i love u ♥ onto outgoing queue
Putting response @thelittleidiot --*you* my darling love. I Love *You* With All My Heart,Your Eternal Love Rachelle LaDelle' xxxxoooo @&gt;--&gt;-- I miss *you*.xo onto outgoing queue
Putting response @Destuhneee haha that's why you love me :D onto outgoing queue
Putting response THANK YOU to all my friends who made this weekend SPECIAL! Love you all SO MUCH!!!! onto outgoing queue
Putting response I swear ppl love to tlkbwt me my ears just dnt stop burning!! Wow!! onto outgoing queue
Putting response I love sending dinner guests home with a giant bucket of compost. onto outgoing queue
Starting... {:status_port=>12635, :pid_file=>nil, :detach=>nil}
Loading interface `search'
Starting... {:pid_file=>nil, :detach=>nil}
Loading interface `search'
Starting... {:pid_file=>nil, :detach=>nil}
Loading interface `search'
query for twitter_search q=love
putting on 5559802757: I love niobium colors http://flic.kr/p/7ept6w
putting on 5559802708: apple cinnamon oatmeal from trader joes = love. they should really put one in rochester before i move home.
putting on 5559802663: @erikamodina love that book! :) she said okay! :)) I HAVE A BLACK CARDIGAN ALREADY! :)
putting on 5559802299: @7Jaguar Hi, good morning, how are you? love you...
putting on 5559802278: i love you girl
putting on 5559802258: @justinbieber ahh Justin come to Dallas, Texas! Please and thankyouuu i love you&lt;3 wish me luck with my physco english teacher:P
putting on 5559802212: Damn i love my Culture Vulture.
putting on 5559802197: RT @iAlyssafaye: #musicmondays lloyd feat lil.  Wayne (YOU) I love it!(Throwbaq my shiit tho=] )
putting on 5559802137: @Jonas_BieberFan Ohhh... no I never hated Selena But I didnmt like her that much but Now I love her and so does all  of my friends! hehe!!
putting on 5559802115: @justinbieber  good moriningjustin cann u plzz  follws myy soon plzz i love u ♥
putting on 5559802030: @thelittleidiot --*you* my darling love. I Love *You* With All My Heart,Your Eternal Love Rachelle LaDelle' xxxxoooo @&gt;--&gt;-- I miss *you*.xo
putting on 5559801998: @Destuhneee haha that's why you love me :D
putting on 5559801857: THANK YOU to all my friends who made this weekend SPECIAL! Love you all SO MUCH!!!!
putting on 5559801736: I swear ppl love to tlkbwt me my ears just dnt stop burning!! Wow!!
putting on 5559801732: I love sending dinner guests home with a giant bucket of compost.
Starting... {:pid_file=>nil, :detach=>nil}
Loading interface `search'
query for twitter_search q=love
putting on 5559802757: I love niobium colors http://flic.kr/p/7ept6w
putting on 5559802708: apple cinnamon oatmeal from trader joes = love. they should really put one in rochester before i move home.
putting on 5559802663: @erikamodina love that book! :) she said okay! :)) I HAVE A BLACK CARDIGAN ALREADY! :)
putting on 5559802299: @7Jaguar Hi, good morning, how are you? love you...
putting on 5559802278: i love you girl
putting on 5559802258: @justinbieber ahh Justin come to Dallas, Texas! Please and thankyouuu i love you&lt;3 wish me luck with my physco english teacher:P
putting on 5559802212: Damn i love my Culture Vulture.
putting on 5559802197: RT @iAlyssafaye: #musicmondays lloyd feat lil.  Wayne (YOU) I love it!(Throwbaq my shiit tho=] )
putting on 5559802137: @Jonas_BieberFan Ohhh... no I never hated Selena But I didnmt like her that much but Now I love her and so does all  of my friends! hehe!!
putting on 5559802115: @justinbieber  good moriningjustin cann u plzz  follws myy soon plzz i love u ♥
putting on 5559802030: @thelittleidiot --*you* my darling love. I Love *You* With All My Heart,Your Eternal Love Rachelle LaDelle' xxxxoooo @&gt;--&gt;-- I miss *you*.xo
putting on 5559801998: @Destuhneee haha that's why you love me :D
putting on 5559801857: THANK YOU to all my friends who made this weekend SPECIAL! Love you all SO MUCH!!!!
putting on 5559801736: I swear ppl love to tlkbwt me my ears just dnt stop burning!! Wow!!
putting on 5559801732: I love sending dinner guests home with a giant bucket of compost.
Starting... {:pid_file=>nil, :detach=>nil}
Loading interface `search'
query for twitter_search q=love
putting on 5559802757: I love niobium colors http://flic.kr/p/7ept6w
putting on 5559802708: apple cinnamon oatmeal from trader joes = love. they should really put one in rochester before i move home.
putting on 5559802663: @erikamodina love that book! :) she said okay! :)) I HAVE A BLACK CARDIGAN ALREADY! :)
putting on 5559802299: @7Jaguar Hi, good morning, how are you? love you...
putting on 5559802278: i love you girl
putting on 5559802258: @justinbieber ahh Justin come to Dallas, Texas! Please and thankyouuu i love you&lt;3 wish me luck with my physco english teacher:P
putting on 5559802212: Damn i love my Culture Vulture.
putting on 5559802197: RT @iAlyssafaye: #musicmondays lloyd feat lil.  Wayne (YOU) I love it!(Throwbaq my shiit tho=] )
putting on 5559802137: @Jonas_BieberFan Ohhh... no I never hated Selena But I didnmt like her that much but Now I love her and so does all  of my friends! hehe!!
putting on 5559802115: @justinbieber  good moriningjustin cann u plzz  follws myy soon plzz i love u ♥
putting on 5559802030: @thelittleidiot --*you* my darling love. I Love *You* With All My Heart,Your Eternal Love Rachelle LaDelle' xxxxoooo @&gt;--&gt;-- I miss *you*.xo
putting on 5559801998: @Destuhneee haha that's why you love me :D
putting on 5559801857: THANK YOU to all my friends who made this weekend SPECIAL! Love you all SO MUCH!!!!
putting on 5559801736: I swear ppl love to tlkbwt me my ears just dnt stop burning!! Wow!!
putting on 5559801732: I love sending dinner guests home with a giant bucket of compost.
Starting... {:pid_file=>nil, :detach=>nil}
Loading interface `search'
query for twitter_search q=love
putting on 5559802757: I love niobium colors http://flic.kr/p/7ept6w
putting on 5559802708: apple cinnamon oatmeal from trader joes = love. they should really put one in rochester before i move home.
putting on 5559802663: @erikamodina love that book! :) she said okay! :)) I HAVE A BLACK CARDIGAN ALREADY! :)
putting on 5559802299: @7Jaguar Hi, good morning, how are you? love you...
putting on 5559802278: i love you girl
putting on 5559802258: @justinbieber ahh Justin come to Dallas, Texas! Please and thankyouuu i love you&lt;3 wish me luck with my physco english teacher:P
putting on 5559802212: Damn i love my Culture Vulture.
putting on 5559802197: RT @iAlyssafaye: #musicmondays lloyd feat lil.  Wayne (YOU) I love it!(Throwbaq my shiit tho=] )
putting on 5559802137: @Jonas_BieberFan Ohhh... no I never hated Selena But I didnmt like her that much but Now I love her and so does all  of my friends! hehe!!
putting on 5559802115: @justinbieber  good moriningjustin cann u plzz  follws myy soon plzz i love u ♥
putting on 5559802030: @thelittleidiot --*you* my darling love. I Love *You* With All My Heart,Your Eternal Love Rachelle LaDelle' xxxxoooo @&gt;--&gt;-- I miss *you*.xo
putting on 5559801998: @Destuhneee haha that's why you love me :D
putting on 5559801857: THANK YOU to all my friends who made this weekend SPECIAL! Love you all SO MUCH!!!!
putting on 5559801736: I swear ppl love to tlkbwt me my ears just dnt stop burning!! Wow!!
putting on 5559801732: I love sending dinner guests home with a giant bucket of compost.
Putting response I love niobium colors http://flic.kr/p/7ept6w onto outgoing queue
Putting response apple cinnamon oatmeal from trader joes = love. they should really put one in rochester before i move home. onto outgoing queue
Putting response @erikamodina love that book! :) she said okay! :)) I HAVE A BLACK CARDIGAN ALREADY! :) onto outgoing queue
Putting response @7Jaguar Hi, good morning, how are you? love you... onto outgoing queue
Putting response i love you girl onto outgoing queue
Putting response @justinbieber ahh Justin come to Dallas, Texas! Please and thankyouuu i love you&lt;3 wish me luck with my physco english teacher:P onto outgoing queue
Putting response Damn i love my Culture Vulture. onto outgoing queue
Putting response RT @iAlyssafaye: #musicmondays lloyd feat lil.  Wayne (YOU) I love it!(Throwbaq my shiit tho=] ) onto outgoing queue
Putting response @Jonas_BieberFan Ohhh... no I never hated Selena But I didnmt like her that much but Now I love her and so does all  of my friends! hehe!! onto outgoing queue
Putting response @justinbieber  good moriningjustin cann u plzz  follws myy soon plzz i love u ♥ onto outgoing queue
Putting response @thelittleidiot --*you* my darling love. I Love *You* With All My Heart,Your Eternal Love Rachelle LaDelle' xxxxoooo @&gt;--&gt;-- I miss *you*.xo onto outgoing queue
Putting response @Destuhneee haha that's why you love me :D onto outgoing queue
Putting response THANK YOU to all my friends who made this weekend SPECIAL! Love you all SO MUCH!!!! onto outgoing queue
Putting response I swear ppl love to tlkbwt me my ears just dnt stop burning!! Wow!! onto outgoing queue
Putting response I love sending dinner guests home with a giant bucket of compost. onto outgoing queue
Starting... {:pid_file=>nil, :detach=>nil}
Loading interface `search'
query for twitter_search q=love
putting on 5559802757: I love niobium colors http://flic.kr/p/7ept6w
putting on 5559802708: apple cinnamon oatmeal from trader joes = love. they should really put one in rochester before i move home.
putting on 5559802663: @erikamodina love that book! :) she said okay! :)) I HAVE A BLACK CARDIGAN ALREADY! :)
putting on 5559802299: @7Jaguar Hi, good morning, how are you? love you...
putting on 5559802278: i love you girl
putting on 5559802258: @justinbieber ahh Justin come to Dallas, Texas! Please and thankyouuu i love you&lt;3 wish me luck with my physco english teacher:P
putting on 5559802212: Damn i love my Culture Vulture.
putting on 5559802197: RT @iAlyssafaye: #musicmondays lloyd feat lil.  Wayne (YOU) I love it!(Throwbaq my shiit tho=] )
putting on 5559802137: @Jonas_BieberFan Ohhh... no I never hated Selena But I didnmt like her that much but Now I love her and so does all  of my friends! hehe!!
putting on 5559802115: @justinbieber  good moriningjustin cann u plzz  follws myy soon plzz i love u ♥
putting on 5559802030: @thelittleidiot --*you* my darling love. I Love *You* With All My Heart,Your Eternal Love Rachelle LaDelle' xxxxoooo @&gt;--&gt;-- I miss *you*.xo
putting on 5559801998: @Destuhneee haha that's why you love me :D
putting on 5559801857: THANK YOU to all my friends who made this weekend SPECIAL! Love you all SO MUCH!!!!
putting on 5559801736: I swear ppl love to tlkbwt me my ears just dnt stop burning!! Wow!!
putting on 5559801732: I love sending dinner guests home with a giant bucket of compost.
Starting... {:pid_file=>nil, :detach=>nil}
Loading interface `search'
query for twitter_search q=love
putting on 5559802757: I love niobium colors http://flic.kr/p/7ept6w
putting on 5559802708: apple cinnamon oatmeal from trader joes = love. they should really put one in rochester before i move home.
putting on 5559802663: @erikamodina love that book! :) she said okay! :)) I HAVE A BLACK CARDIGAN ALREADY! :)
putting on 5559802299: @7Jaguar Hi, good morning, how are you? love you...
putting on 5559802278: i love you girl
putting on 5559802258: @justinbieber ahh Justin come to Dallas, Texas! Please and thankyouuu i love you&lt;3 wish me luck with my physco english teacher:P
putting on 5559802212: Damn i love my Culture Vulture.
putting on 5559802197: RT @iAlyssafaye: #musicmondays lloyd feat lil.  Wayne (YOU) I love it!(Throwbaq my shiit tho=] )
putting on 5559802137: @Jonas_BieberFan Ohhh... no I never hated Selena But I didnmt like her that much but Now I love her and so does all  of my friends! hehe!!
putting on 5559802115: @justinbieber  good moriningjustin cann u plzz  follws myy soon plzz i love u ♥
putting on 5559802030: @thelittleidiot --*you* my darling love. I Love *You* With All My Heart,Your Eternal Love Rachelle LaDelle' xxxxoooo @&gt;--&gt;-- I miss *you*.xo
putting on 5559801998: @Destuhneee haha that's why you love me :D
putting on 5559801857: THANK YOU to all my friends who made this weekend SPECIAL! Love you all SO MUCH!!!!
putting on 5559801736: I swear ppl love to tlkbwt me my ears just dnt stop burning!! Wow!!
putting on 5559801732: I love sending dinner guests home with a giant bucket of compost.
Putting response I love niobium colors http://flic.kr/p/7ept6w onto outgoing queue
Putting response apple cinnamon oatmeal from trader joes = love. they should really put one in rochester before i move home. onto outgoing queue
Putting response @erikamodina love that book! :) she said okay! :)) I HAVE A BLACK CARDIGAN ALREADY! :) onto outgoing queue
Putting response @7Jaguar Hi, good morning, how are you? love you... onto outgoing queue
Putting response i love you girl onto outgoing queue
Putting response @justinbieber ahh Justin come to Dallas, Texas! Please and thankyouuu i love you&lt;3 wish me luck with my physco english teacher:P onto outgoing queue
Putting response Damn i love my Culture Vulture. onto outgoing queue
Putting response RT @iAlyssafaye: #musicmondays lloyd feat lil.  Wayne (YOU) I love it!(Throwbaq my shiit tho=] ) onto outgoing queue
Putting response @Jonas_BieberFan Ohhh... no I never hated Selena But I didnmt like her that much but Now I love her and so does all  of my friends! hehe!! onto outgoing queue
Putting response @justinbieber  good moriningjustin cann u plzz  follws myy soon plzz i love u ♥ onto outgoing queue
Putting response @thelittleidiot --*you* my darling love. I Love *You* With All My Heart,Your Eternal Love Rachelle LaDelle' xxxxoooo @&gt;--&gt;-- I miss *you*.xo onto outgoing queue
Putting response @Destuhneee haha that's why you love me :D onto outgoing queue
Putting response THANK YOU to all my friends who made this weekend SPECIAL! Love you all SO MUCH!!!! onto outgoing queue
Putting response I swear ppl love to tlkbwt me my ears just dnt stop burning!! Wow!! onto outgoing queue
Putting response I love sending dinner guests home with a giant bucket of compost. onto outgoing queue
Starting... {:pid_file=>nil, :detach=>nil}
Loading interface `search'
query for twitter_search q=love
putting on 5559802757: I love niobium colors http://flic.kr/p/7ept6w
putting on 5559802708: apple cinnamon oatmeal from trader joes = love. they should really put one in rochester before i move home.
putting on 5559802663: @erikamodina love that book! :) she said okay! :)) I HAVE A BLACK CARDIGAN ALREADY! :)
putting on 5559802299: @7Jaguar Hi, good morning, how are you? love you...
putting on 5559802278: i love you girl
putting on 5559802258: @justinbieber ahh Justin come to Dallas, Texas! Please and thankyouuu i love you&lt;3 wish me luck with my physco english teacher:P
putting on 5559802212: Damn i love my Culture Vulture.
putting on 5559802197: RT @iAlyssafaye: #musicmondays lloyd feat lil.  Wayne (YOU) I love it!(Throwbaq my shiit tho=] )
putting on 5559802137: @Jonas_BieberFan Ohhh... no I never hated Selena But I didnmt like her that much but Now I love her and so does all  of my friends! hehe!!
putting on 5559802115: @justinbieber  good moriningjustin cann u plzz  follws myy soon plzz i love u ♥
putting on 5559802030: @thelittleidiot --*you* my darling love. I Love *You* With All My Heart,Your Eternal Love Rachelle LaDelle' xxxxoooo @&gt;--&gt;-- I miss *you*.xo
putting on 5559801998: @Destuhneee haha that's why you love me :D
putting on 5559801857: THANK YOU to all my friends who made this weekend SPECIAL! Love you all SO MUCH!!!!
putting on 5559801736: I swear ppl love to tlkbwt me my ears just dnt stop burning!! Wow!!
putting on 5559801732: I love sending dinner guests home with a giant bucket of compost.
Putting response I love niobium colors http://flic.kr/p/7ept6w onto outgoing queue
Putting response apple cinnamon oatmeal from trader joes = love. they should really put one in rochester before i move home. onto outgoing queue
Putting response @erikamodina love that book! :) she said okay! :)) I HAVE A BLACK CARDIGAN ALREADY! :) onto outgoing queue
Putting response @7Jaguar Hi, good morning, how are you? love you... onto outgoing queue
Putting response i love you girl onto outgoing queue
Putting response @justinbieber ahh Justin come to Dallas, Texas! Please and thankyouuu i love you&lt;3 wish me luck with my physco english teacher:P onto outgoing queue
Putting response Damn i love my Culture Vulture. onto outgoing queue
Putting response RT @iAlyssafaye: #musicmondays lloyd feat lil.  Wayne (YOU) I love it!(Throwbaq my shiit tho=] ) onto outgoing queue
Putting response @Jonas_BieberFan Ohhh... no I never hated Selena But I didnmt like her that much but Now I love her and so does all  of my friends! hehe!! onto outgoing queue
Putting response @justinbieber  good moriningjustin cann u plzz  follws myy soon plzz i love u ♥ onto outgoing queue
Putting response @thelittleidiot --*you* my darling love. I Love *You* With All My Heart,Your Eternal Love Rachelle LaDelle' xxxxoooo @&gt;--&gt;-- I miss *you*.xo onto outgoing queue
Putting response @Destuhneee haha that's why you love me :D onto outgoing queue
Putting response THANK YOU to all my friends who made this weekend SPECIAL! Love you all SO MUCH!!!! onto outgoing queue
Putting response I swear ppl love to tlkbwt me my ears just dnt stop burning!! Wow!! onto outgoing queue
Putting response I love sending dinner guests home with a giant bucket of compost. onto outgoing queue
Starting... {:pid_file=>nil, :detach=>nil}
Loading interface `search'
query for twitter_search q=love
putting on 5559802757: I love niobium colors http://flic.kr/p/7ept6w
putting on 5559802708: apple cinnamon oatmeal from trader joes = love. they should really put one in rochester before i move home.
putting on 5559802663: @erikamodina love that book! :) she said okay! :)) I HAVE A BLACK CARDIGAN ALREADY! :)
putting on 5559802299: @7Jaguar Hi, good morning, how are you? love you...
putting on 5559802278: i love you girl
putting on 5559802258: @justinbieber ahh Justin come to Dallas, Texas! Please and thankyouuu i love you&lt;3 wish me luck with my physco english teacher:P
putting on 5559802212: Damn i love my Culture Vulture.
putting on 5559802197: RT @iAlyssafaye: #musicmondays lloyd feat lil.  Wayne (YOU) I love it!(Throwbaq my shiit tho=] )
putting on 5559802137: @Jonas_BieberFan Ohhh... no I never hated Selena But I didnmt like her that much but Now I love her and so does all  of my friends! hehe!!
putting on 5559802115: @justinbieber  good moriningjustin cann u plzz  follws myy soon plzz i love u ♥
putting on 5559802030: @thelittleidiot --*you* my darling love. I Love *You* With All My Heart,Your Eternal Love Rachelle LaDelle' xxxxoooo @&gt;--&gt;-- I miss *you*.xo
putting on 5559801998: @Destuhneee haha that's why you love me :D
putting on 5559801857: THANK YOU to all my friends who made this weekend SPECIAL! Love you all SO MUCH!!!!
putting on 5559801736: I swear ppl love to tlkbwt me my ears just dnt stop burning!! Wow!!
putting on 5559801732: I love sending dinner guests home with a giant bucket of compost.
Starting... {:detach=>nil}
Loading interface `search'
query for twitter_search q=love
putting on 5559802757: I love niobium colors http://flic.kr/p/7ept6w
putting on 5559802708: apple cinnamon oatmeal from trader joes = love. they should really put one in rochester before i move home.
putting on 5559802663: @erikamodina love that book! :) she said okay! :)) I HAVE A BLACK CARDIGAN ALREADY! :)
putting on 5559802299: @7Jaguar Hi, good morning, how are you? love you...
putting on 5559802278: i love you girl
putting on 5559802258: @justinbieber ahh Justin come to Dallas, Texas! Please and thankyouuu i love you&lt;3 wish me luck with my physco english teacher:P
putting on 5559802212: Damn i love my Culture Vulture.
putting on 5559802197: RT @iAlyssafaye: #musicmondays lloyd feat lil.  Wayne (YOU) I love it!(Throwbaq my shiit tho=] )
putting on 5559802137: @Jonas_BieberFan Ohhh... no I never hated Selena But I didnmt like her that much but Now I love her and so does all  of my friends! hehe!!
putting on 5559802115: @justinbieber  good moriningjustin cann u plzz  follws myy soon plzz i love u ♥
putting on 5559802030: @thelittleidiot --*you* my darling love. I Love *You* With All My Heart,Your Eternal Love Rachelle LaDelle' xxxxoooo @&gt;--&gt;-- I miss *you*.xo
putting on 5559801998: @Destuhneee haha that's why you love me :D
putting on 5559801857: THANK YOU to all my friends who made this weekend SPECIAL! Love you all SO MUCH!!!!
putting on 5559801736: I swear ppl love to tlkbwt me my ears just dnt stop burning!! Wow!!
putting on 5559801732: I love sending dinner guests home with a giant bucket of compost.
Starting... {:detach=>nil}
Loading interface `search'
Starting... {:detach=>nil}
Loading interface `search'
Starting... {:detach=>nil}
Loading interface `search'
Starting... {:detach=>nil}
Loading interface `search'
Starting... {:detach=>nil}
Loading interface `search'
Starting... {:detach=>nil}
Loading interface `search'
query for twitter_search q=love
putting on 5559802757: I love niobium colors http://flic.kr/p/7ept6w
putting on 5559802708: apple cinnamon oatmeal from trader joes = love. they should really put one in rochester before i move home.
putting on 5559802663: @erikamodina love that book! :) she said okay! :)) I HAVE A BLACK CARDIGAN ALREADY! :)
putting on 5559802299: @7Jaguar Hi, good morning, how are you? love you...
putting on 5559802278: i love you girl
putting on 5559802258: @justinbieber ahh Justin come to Dallas, Texas! Please and thankyouuu i love you&lt;3 wish me luck with my physco english teacher:P
putting on 5559802212: Damn i love my Culture Vulture.
putting on 5559802197: RT @iAlyssafaye: #musicmondays lloyd feat lil.  Wayne (YOU) I love it!(Throwbaq my shiit tho=] )
putting on 5559802137: @Jonas_BieberFan Ohhh... no I never hated Selena But I didnmt like her that much but Now I love her and so does all  of my friends! hehe!!
putting on 5559802115: @justinbieber  good moriningjustin cann u plzz  follws myy soon plzz i love u ♥
putting on 5559802030: @thelittleidiot --*you* my darling love. I Love *You* With All My Heart,Your Eternal Love Rachelle LaDelle' xxxxoooo @&gt;--&gt;-- I miss *you*.xo
putting on 5559801998: @Destuhneee haha that's why you love me :D
putting on 5559801857: THANK YOU to all my friends who made this weekend SPECIAL! Love you all SO MUCH!!!!
putting on 5559801736: I swear ppl love to tlkbwt me my ears just dnt stop burning!! Wow!!
putting on 5559801732: I love sending dinner guests home with a giant bucket of compost.
Putting response I love niobium colors http://flic.kr/p/7ept6w onto outgoing queue
Putting response apple cinnamon oatmeal from trader joes = love. they should really put one in rochester before i move home. onto outgoing queue
Putting response @erikamodina love that book! :) she said okay! :)) I HAVE A BLACK CARDIGAN ALREADY! :) onto outgoing queue
Putting response @7Jaguar Hi, good morning, how are you? love you... onto outgoing queue
Putting response i love you girl onto outgoing queue
Putting response @justinbieber ahh Justin come to Dallas, Texas! Please and thankyouuu i love you&lt;3 wish me luck with my physco english teacher:P onto outgoing queue
Putting response Damn i love my Culture Vulture. onto outgoing queue
Putting response RT @iAlyssafaye: #musicmondays lloyd feat lil.  Wayne (YOU) I love it!(Throwbaq my shiit tho=] ) onto outgoing queue
Putting response @Jonas_BieberFan Ohhh... no I never hated Selena But I didnmt like her that much but Now I love her and so does all  of my friends! hehe!! onto outgoing queue
Putting response @justinbieber  good moriningjustin cann u plzz  follws myy soon plzz i love u ♥ onto outgoing queue
Putting response @thelittleidiot --*you* my darling love. I Love *You* With All My Heart,Your Eternal Love Rachelle LaDelle' xxxxoooo @&gt;--&gt;-- I miss *you*.xo onto outgoing queue
Putting response @Destuhneee haha that's why you love me :D onto outgoing queue
Putting response THANK YOU to all my friends who made this weekend SPECIAL! Love you all SO MUCH!!!! onto outgoing queue
Putting response I swear ppl love to tlkbwt me my ears just dnt stop burning!! Wow!! onto outgoing queue
Putting response I love sending dinner guests home with a giant bucket of compost. onto outgoing queue
Starting... {:detach=>nil}
Loading interface `search'
Loading interface `search'
Loading interface `twitter_sender'
Loading interface `search'
Loading interface `twitter_sender'
Loading interface `search'
Loading interface `twitter_sender'
Loading interface `search'
Loading interface `twitter_sender'
Loading interface `search'
